<?xml version="1.0" encoding="UTF-8"?>
<testsuite xmlns:xsi="http://www.w3.org/2001/XMLSchema-instance" xsi:noNamespaceSchemaLocation="https://maven.apache.org/surefire/maven-failsafe-plugin/xsd/failsafe-test-report.xsd" name="org.schemaspy.integrationtesting.MysqlSuite" time="27.55" tests="17" errors="0" skipped="1" failures="0">
  <properties>
    <property name="java.runtime.name" value="Java(TM) SE Runtime Environment"/>
    <property name="sun.boot.library.path" value="/usr/lib/jvm/java-8-oracle/jre/lib/amd64"/>
    <property name="java.vm.version" value="25.171-b11"/>
    <property name="java.vm.vendor" value="Oracle Corporation"/>
    <property name="maven.multiModuleProjectDirectory" value="/home/travis/build/schemaspy/schemaspy"/>
    <property name="java.vendor.url" value="http://java.oracle.com/"/>
    <property name="path.separator" value=":"/>
    <property name="guice.disable.misplaced.annotation.check" value="true"/>
    <property name="java.vm.name" value="Java HotSpot(TM) 64-Bit Server VM"/>
    <property name="file.encoding.pkg" value="sun.io"/>
    <property name="user.country" value="US"/>
    <property name="sun.java.launcher" value="SUN_STANDARD"/>
    <property name="sun.os.patch.level" value="unknown"/>
    <property name="java.vm.specification.name" value="Java Virtual Machine Specification"/>
    <property name="user.dir" value="/home/travis/build/schemaspy/schemaspy"/>
    <property name="java.runtime.version" value="1.8.0_171-b11"/>
    <property name="java.awt.graphicsenv" value="sun.awt.X11GraphicsEnvironment"/>
    <property name="java.endorsed.dirs" value="/usr/lib/jvm/java-8-oracle/jre/lib/endorsed"/>
    <property name="os.arch" value="amd64"/>
    <property name="java.io.tmpdir" value="/tmp"/>
    <property name="line.separator" value="&#10;"/>
    <property name="java.vm.specification.vendor" value="Oracle Corporation"/>
    <property name="os.name" value="Linux"/>
    <property name="classworlds.conf" value="/usr/local/maven-3.5.2/bin/m2.conf"/>
    <property name="sun.jnu.encoding" value="UTF-8"/>
    <property name="sonar.login" value="b9b723417cef6e356aa2bf13a6de9b19271e28e3"/>
    <property name="java.library.path" value="/usr/java/packages/lib/amd64:/usr/lib64:/lib64:/lib:/usr/lib"/>
    <property name="maven.conf" value="/usr/local/maven-3.5.2/conf"/>
    <property name="java.specification.name" value="Java Platform API Specification"/>
    <property name="java.class.version" value="52.0"/>
    <property name="sun.management.compiler" value="HotSpot 64-Bit Tiered Compilers"/>
    <property name="os.version" value="4.4.0-101-generic"/>
    <property name="library.jansi.path" value="/usr/local/maven-3.5.2/lib/jansi-native"/>
    <property name="user.home" value="/home/travis"/>
    <property name="user.timezone" value="UTC"/>
    <property name="java.awt.printerjob" value="sun.print.PSPrinterJob"/>
    <property name="sonar.host.url" value="https://sonarcloud.io"/>
    <property name="java.specification.version" value="1.8"/>
    <property name="file.encoding" value="UTF-8"/>
    <property name="user.name" value="travis"/>
    <property name="java.class.path" value="/usr/local/maven-3.5.2/boot/plexus-classworlds-2.5.2.jar"/>
    <property name="java.vm.specification.version" value="1.8"/>
    <property name="sun.arch.data.model" value="64"/>
    <property name="java.home" value="/usr/lib/jvm/java-8-oracle/jre"/>
    <property name="sun.java.command" value="org.codehaus.plexus.classworlds.launcher.Launcher -P sonar clean verify -e -V -Dsonar.host.url=https://sonarcloud.io -Dsonar.login=b9b723417cef6e356aa2bf13a6de9b19271e28e3"/>
    <property name="java.specification.vendor" value="Oracle Corporation"/>
    <property name="user.language" value="en"/>
    <property name="awt.toolkit" value="sun.awt.X11.XToolkit"/>
    <property name="java.vm.info" value="mixed mode"/>
    <property name="java.version" value="1.8.0_171"/>
    <property name="java.ext.dirs" value="/usr/lib/jvm/java-8-oracle/jre/lib/ext:/usr/java/packages/lib/ext"/>
    <property name="securerandom.source" value="file:/dev/./urandom"/>
    <property name="sun.boot.class.path" value="/usr/lib/jvm/java-8-oracle/jre/lib/resources.jar:/usr/lib/jvm/java-8-oracle/jre/lib/rt.jar:/usr/lib/jvm/java-8-oracle/jre/lib/sunrsasign.jar:/usr/lib/jvm/java-8-oracle/jre/lib/jsse.jar:/usr/lib/jvm/java-8-oracle/jre/lib/jce.jar:/usr/lib/jvm/java-8-oracle/jre/lib/charsets.jar:/usr/lib/jvm/java-8-oracle/jre/lib/jfr.jar:/usr/lib/jvm/java-8-oracle/jre/classes"/>
    <property name="java.vendor" value="Oracle Corporation"/>
    <property name="maven.home" value="/usr/local/maven-3.5.2"/>
    <property name="file.separator" value="/"/>
    <property name="java.vendor.url.bug" value="http://bugreport.sun.com/bugreport/"/>
    <property name="sun.cpu.endian" value="little"/>
    <property name="sun.io.unicode.encoding" value="UnicodeLittle"/>
    <property name="sun.cpu.isalist" value=""/>
  </properties>
  <testcase name="verifyXML" classname="org.schemaspy.integrationtesting.mysql.MysqlHTMLIT" time="1.075"/>
  <testcase name="producesSameContent" classname="org.schemaspy.integrationtesting.mysql.MysqlHTMLIT" time="0.147"/>
  <testcase name="verifyInsertionOrder" classname="org.schemaspy.integrationtesting.mysql.MysqlHTMLIT" time="0.011"/>
  <testcase name="verifyDeletionOrder" classname="org.schemaspy.integrationtesting.mysql.MysqlHTMLIT" time="0.008"/>
  <testcase name="hasATableNamedDistinct" classname="org.schemaspy.integrationtesting.mysql.MysqlKeyWordTableIT" time="0.186"/>
  <testcase name="databaseShouldHaveRoutines" classname="org.schemaspy.integrationtesting.mysql.MysqlRoutinesIT" time="0.121"/>
  <testcase name="databaseShouldExist" classname="org.schemaspy.integrationtesting.mysql.MysqlRoutinesIT" time="0.009"/>
  <testcase name="org.schemaspy.integrationtesting.mysql.MysqlSpacesIT" classname="org.schemaspy.integrationtesting.mysql.MysqlSpacesIT" time="0">
    <skipped/>
  </testcase>
  <testcase name="tableShouldHaveUniqueKey" classname="org.schemaspy.integrationtesting.mysql.MysqlSpacesNoDotsIT" time="0.166"/>
  <testcase name="tableShouldHaveForeignKey" classname="org.schemaspy.integrationtesting.mysql.MysqlSpacesNoDotsIT" time="0.01"/>
  <testcase name="tableShouldHavePKWithAutoIncrement" classname="org.schemaspy.integrationtesting.mysql.MysqlSpacesNoDotsIT" time="0.009"/>
  <testcase name="databaseShouldHaveTable" classname="org.schemaspy.integrationtesting.mysql.MysqlSpacesNoDotsIT" time="0.014"/>
  <testcase name="databaseShouldExist" classname="org.schemaspy.integrationtesting.mysql.MysqlSpacesNoDotsIT" time="0.012"/>
  <testcase name="tableShouldHaveColumnWithSpaceInIt" classname="org.schemaspy.integrationtesting.mysql.MysqlSpacesNoDotsIT" time="0.01"/>
  <testcase name="verifyXML" classname="org.schemaspy.integrationtesting.mysql.MysqlXMLIT" time="0.176"/>
  <testcase name="verifyInsertionOrder" classname="org.schemaspy.integrationtesting.mysql.MysqlXMLIT" time="0.008"/>
  <testcase name="verifyDeletionOrder" classname="org.schemaspy.integrationtesting.mysql.MysqlXMLIT" time="0.008"/>
</testsuite>